<?xml version="1.0" encoding="UTF-8"?>
<!-- Generated by org.testng.reporters.JUnitReportReporter -->
<testsuite hostname="LAPTOP-75NBFUC4" failures="0" tests="1" name="com.tutorialsninja.qa.testcases.Register" time="21.863" errors="0" timestamp="2023-06-25T16:56:23 IST" skipped="0">
  <testcase classname="com.tutorialsninja.qa.testcases.Register" name="verifyRegisterAccountMandatoryFields" time="21.863"/>
  <system-out/>
</testsuite> <!-- com.tutorialsninja.qa.testcases.Register -->
