<?xml version="1.0" encoding="UTF-8"?>
<!-- Generated by org.testng.reporters.JUnitReportReporter -->
<testsuite hostname="LAPTOP-75NBFUC4" failures="0" tests="1" name="com.tutorialsninja.qa.testcases.RegisterTest" time="53.340" errors="0" timestamp="2023-07-01T13:37:42 IST" skipped="0">
  <testcase classname="com.tutorialsninja.qa.testcases.RegisterTest" name="verifyRegisterAccountMandatoryFields" time="53.340"/>
  <system-out/>
</testsuite> <!-- com.tutorialsninja.qa.testcases.RegisterTest -->
